l; nohup: 忽略输入
Torch version: 2.3.1
CUDA available: True
Files already downloaded and verified
Files already downloaded and verified
类别 8 的数据样本不足，采样数从 5125 调整为 5000
Traning Client Total: 39642 3145 4768 4951 4330 4002 3810 3383 3680 5000 2573
Client 0: 397 0 4 0 0 0 15 0 0 377 1
Client 1: 398 0 0 0 0 0 4 0 34 0 360
Client 2: 398 22 0 0 0 0 0 0 0 369 7
Client 3: 397 11 0 0 345 0 0 25 0 16
Client 4: 397 4 0 0 357 0 12 0 3 0 21
Client 5: 397 258 111 0 5 0 0 7 9 5 2
Client 6: 399 0 0 0 0 0 0 1 374 0 24
Client 7: 397 57 0 0 0 0 0 20 303 9 8
Client 8: 395 0 0 3 0 0 232 2 0 158
Client 9: 397 0 0 158 4 0 125 110
Server: 5000 94 220 83 1172 34 935 1120 120 715 507

--- Running experiments with radius = 5 ---
FedDU-Mut初始设置:
  服务器数据量: 5000
  服务器数据非IID度: 0.166877
  Mutation幅度(radius): 5

  0%|          | 0/100 [00:00<?, ?it/s]
  1%|          | 1/100 [00:54<1:29:11, 54.05s/it]
  2%|▏         | 2/100 [01:43<1:24:06, 51.50s/it]
  3%|▎         | 3/100 [02:32<1:21:13, 50.24s/it]
  4%|▍         | 4/100 [03:21<1:19:32, 49.71s/it]
  5%|▌         | 5/100 [04:10<1:18:11, 49.38s/it]
  6%|▌         | 6/100 [05:00<1:17:51, 49.69s/it]
  7%|▋         | 7/100 [05:49<1:16:47, 49.54s/it]
  8%|▊         | 8/100 [06:38<1:15:39, 49.35s/it]
  9%|▉         | 9/100 [07:27<1:14:48, 49.33s/it]
 10%|█         | 10/100 [08:17<1:14:11, 49.47s/it]
 11%|█         | 11/100 [09:07<1:13:18, 49.43s/it]
 12%|█▏        | 12/100 [09:56<1:12:31, 49.44s/it]
 13%|█▎        | 13/100 [10:44<1:11:12, 49.10s/it]
 14%|█▍        | 14/100 [11:33<1:10:22, 49.10s/it]
 15%|█▌        | 15/100 [12:22<1:09:24, 48.99s/it]
 16%|█▌        | 16/100 [13:10<1:08:12, 48.72s/it]
 17%|█▋        | 17/100 [13:59<1:07:22, 48.70s/it]
 18%|█▊        | 18/100 [14:48<1:06:43, 48.82s/it]
 19%|█▉        | 19/100 [15:37<1:05:57, 48.86s/it]
 20%|██        | 20/100 [16:26<1:05:17, 48.97s/it]
 21%|██        | 21/100 [17:15<1:04:21, 48.88s/it]
 22%|██▏       | 22/100 [18:03<1:03:14, 48.65s/it]
 23%|██▎       | 23/100 [18:51<1:02:18, 48.56s/it]
 24%|██▍       | 24/100 [19:40<1:01:26, 48.51s/it]
 25%|██▌       | 25/100 [20:28<1:00:27, 48.37s/it]
 26%|██▌       | 26/100 [21:16<59:30, 48.25s/it]  
 27%|██▋       | 27/100 [22:04<58:40, 48.22s/it]
 28%|██▊       | 28/100 [22:53<58:02, 48.37s/it]
 29%|██▉       | 29/100 [23:41<57:09, 48.30s/it]
 30%|███       | 30/100 [24:29<56:21, 48.31s/it]
 31%|███       | 31/100 [25:17<55:23, 48.17s/it]
 32%|███▏      | 32/100 [26:06<54:46, 48.34s/it]
 33%|███▎      | 33/100 [26:55<54:12, 48.54s/it]
 34%|███▍      | 34/100 [27:43<53:13, 48.39s/it]
 35%|███▌      | 35/100 [28:31<52:22, 48.35s/it]
 36%|███▌      | 36/100 [29:19<51:25, 48.22s/it]
 37%|███▋      | 37/100 [30:07<50:38, 48.23s/it]
 38%|███▊      | 38/100 [30:55<49:43, 48.12s/it]
 39%|███▉      | 39/100 [31:43<48:50, 48.04s/it]
 40%|████      | 40/100 [32:31<47:54, 47.92s/it]
 41%|████      | 41/100 [33:18<47:06, 47.91s/it]
 42%|████▏     | 42/100 [34:06<46:19, 47.92s/it]
 43%|████▎     | 43/100 [34:54<45:30, 47.90s/it]
 44%|████▍     | 44/100 [35:42<44:41, 47.89s/it]
 45%|████▌     | 45/100 [36:30<43:59, 47.99s/it]
 46%|████▌     | 46/100 [37:19<43:22, 48.20s/it]
 47%|████▋     | 47/100 [38:07<42:31, 48.15s/it]
 48%|████▊     | 48/100 [38:55<41:45, 48.18s/it]
 49%|████▉     | 49/100 [39:43<40:57, 48.18s/it]Round 0: r_data=0.5619, r_noniid=0.1892, improvement=0.0000, alpha_new=0.4585
Round 0: Server fixing with alpha_new=0.4585
Round 0: tmp_radius: 6.146130030026329
Round 0: Acc=17.23%, Loss=0.0136, D_P_t=0.0389, Alpha=0.4585
Round 1: r_data=0.5572, r_noniid=0.3877, improvement=0.2717, alpha_new=1.0000
Round 1: Server fixing with alpha_new=1.0000
Round 1: tmp_radius: 7.5
Round 2: r_data=0.5573, r_noniid=0.2859, improvement=0.0000, alpha_new=0.6479
Round 2: Server fixing with alpha_new=0.6479
Round 2: tmp_radius: 6.6198669364373695
Round 3: r_data=0.5572, r_noniid=0.3360, improvement=0.0000, alpha_new=0.7611
Round 3: Server fixing with alpha_new=0.7611
Round 3: tmp_radius: 6.902747340896314
Round 4: r_data=0.5580, r_noniid=0.4757, improvement=0.4626, alpha_new=1.0000
Round 4: Server fixing with alpha_new=1.0000
Round 4: tmp_radius: 7.5
Round 5: r_data=0.5577, r_noniid=0.4433, improvement=0.0000, alpha_new=1.0000
Round 5: Server fixing with alpha_new=1.0000
Round 5: tmp_radius: 7.5
Round 6: r_data=0.5572, r_noniid=0.3402, improvement=0.0967, alpha_new=0.9497
Round 6: Server fixing with alpha_new=0.9497
Round 6: tmp_radius: 7.37436244095537
Round 7: r_data=0.5573, r_noniid=0.2886, improvement=0.0000, alpha_new=0.7187
Round 7: Server fixing with alpha_new=0.7187
Round 7: tmp_radius: 6.796745791794152
Round 8: r_data=0.5570, r_noniid=0.3119, improvement=0.0000, alpha_new=0.7440
Round 8: Server fixing with alpha_new=0.7440
Round 8: tmp_radius: 6.859908195670411
Round 9: r_data=0.5571, r_noniid=0.4177, improvement=0.2312, alpha_new=1.0000
Round 9: Server fixing with alpha_new=1.0000
Round 9: tmp_radius: 7.5
Round 10: r_data=0.5570, r_noniid=0.2702, improvement=0.0000, alpha_new=0.6688
Round 10: Server fixing with alpha_new=0.6688
Round 10: tmp_radius: 6.671943604832804
Round 10: Acc=10.01%, Loss=0.1105, D_P_t=0.0618, Alpha=0.6688
Round 11: r_data=0.5576, r_noniid=0.3916, improvement=0.1015, alpha_new=1.0000
Round 11: Server fixing with alpha_new=1.0000
Round 11: tmp_radius: 7.5
Round 12: r_data=0.5572, r_noniid=0.5021, improvement=0.0000, alpha_new=1.0000
Round 12: Server fixing with alpha_new=1.0000
Round 12: tmp_radius: 7.5
Round 13: r_data=0.5573, r_noniid=0.3028, improvement=0.0000, alpha_new=0.7595
Round 13: Server fixing with alpha_new=0.7595
Round 13: tmp_radius: 6.898651683075608
Round 14: r_data=0.5571, r_noniid=0.4115, improvement=0.0000, alpha_new=1.0000
Round 14: Server fixing with alpha_new=1.0000
Round 14: tmp_radius: 7.5
Round 15: r_data=0.5579, r_noniid=0.5212, improvement=0.0000, alpha_new=1.0000
Round 15: Server fixing with alpha_new=1.0000
Round 15: tmp_radius: 7.5
Round 16: r_data=0.5572, r_noniid=0.3471, improvement=0.0000, alpha_new=0.8702
Round 16: Server fixing with alpha_new=0.8702
Round 16: tmp_radius: 7.175474237973179
Round 17: r_data=0.5578, r_noniid=0.3732, improvement=0.0000, alpha_new=0.9367
Round 17: Server fixing with alpha_new=0.9367
Round 17: tmp_radius: 7.3418360711540736
Round 18: r_data=0.5574, r_noniid=0.3785, improvement=0.0000, alpha_new=0.9493
Round 18: Server fixing with alpha_new=0.9493
Round 18: tmp_radius: 7.373151522434722
Round 19: r_data=0.5572, r_noniid=0.3323, improvement=0.0000, alpha_new=0.8332
Round 19: Server fixing with alpha_new=0.8332
Round 19: tmp_radius: 7.083083977741666
Round 20: r_data=0.5572, r_noniid=0.3356, improvement=0.0000, alpha_new=0.8416
Round 20: Server fixing with alpha_new=0.8416
Round 20: tmp_radius: 7.104072446322234
Round 20: Acc=10.15%, Loss=223.3048, D_P_t=0.0843, Alpha=0.8416
Round 21: r_data=0.5572, r_noniid=0.3973, improvement=0.0000, alpha_new=0.9964
Round 21: Server fixing with alpha_new=0.9964
Round 21: tmp_radius: 7.4908970947551925
Round 22: r_data=0.5573, r_noniid=0.4761, improvement=0.0000, alpha_new=1.0000
Round 22: Server fixing with alpha_new=1.0000
Round 22: tmp_radius: 7.5
Round 23: r_data=0.5572, r_noniid=0.2334, improvement=0.0000, alpha_new=0.5852
Round 23: Server fixing with alpha_new=0.5852
Round 23: tmp_radius: 6.462933532838351
Round 24: r_data=0.5621, r_noniid=0.3500, improvement=0.0000, alpha_new=0.8854
Round 24: Server fixing with alpha_new=0.8854
Round 24: tmp_radius: 7.213551459413964
Round 25: r_data=0.5575, r_noniid=0.4172, improvement=0.0000, alpha_new=1.0000
Round 25: Server fixing with alpha_new=1.0000
Round 25: tmp_radius: 7.5
Round 26: r_data=0.5570, r_noniid=0.2518, improvement=0.0000, alpha_new=0.6312
Round 26: Server fixing with alpha_new=0.6312
Round 26: tmp_radius: 6.577987330695154
Round 27: r_data=0.5571, r_noniid=0.4027, improvement=0.0000, alpha_new=1.0000
Round 27: Server fixing with alpha_new=1.0000
Round 27: tmp_radius: 7.5
Round 28: r_data=0.5569, r_noniid=0.2322, improvement=0.0040, alpha_new=0.5862
Round 28: Server fixing with alpha_new=0.5862
Round 28: tmp_radius: 6.465460855588474
Round 29: r_data=0.5574, r_noniid=0.3874, improvement=0.0050, alpha_new=0.9775
Round 29: Server fixing with alpha_new=0.9775
Round 29: tmp_radius: 7.443815354144462
Round 30: r_data=0.5576, r_noniid=0.5066, improvement=0.0000, alpha_new=1.0000
Round 30: Server fixing with alpha_new=1.0000
Round 30: tmp_radius: 7.5
Round 30: Acc=14.48%, Loss=171.3244, D_P_t=0.1714, Alpha=1.0000
Round 31: r_data=0.5571, r_noniid=0.3741, improvement=0.0000, alpha_new=0.9271
Round 31: Server fixing with alpha_new=0.9271
Round 31: tmp_radius: 7.317745426284219
Round 32: r_data=0.5585, r_noniid=0.2532, improvement=0.0879, alpha_new=0.7237
Round 32: Server fixing with alpha_new=0.7237
Round 32: tmp_radius: 6.809129822787265
Round 33: r_data=0.5572, r_noniid=0.3225, improvement=0.0000, alpha_new=0.8070
Round 33: Server fixing with alpha_new=0.8070
Round 33: tmp_radius: 7.017576008211325
Round 34: r_data=0.5574, r_noniid=0.4711, improvement=0.0177, alpha_new=1.0000
Round 34: Server fixing with alpha_new=1.0000
Round 34: tmp_radius: 7.5
Round 35: r_data=0.5574, r_noniid=0.1041, improvement=0.0000, alpha_new=0.2612
Round 35: Server fixing with alpha_new=0.2612
Round 35: tmp_radius: 5.652943331813505
Round 36: r_data=0.5569, r_noniid=0.3544, improvement=0.0000, alpha_new=0.8881
Round 36: Server fixing with alpha_new=0.8881
Round 36: tmp_radius: 7.2203178424792815
Round 37: r_data=0.5574, r_noniid=0.5104, improvement=0.0000, alpha_new=1.0000
Round 37: Server fixing with alpha_new=1.0000
Round 37: tmp_radius: 7.5
Round 38: r_data=0.5575, r_noniid=0.4656, improvement=0.0557, alpha_new=1.0000
Round 38: Server fixing with alpha_new=1.0000
Round 38: tmp_radius: 7.5
Round 39: r_data=0.5617, r_noniid=0.1688, improvement=0.0000, alpha_new=0.4191
Round 39: Server fixing with alpha_new=0.4191
Round 39: tmp_radius: 6.047636549105226
Round 40: r_data=0.5574, r_noniid=0.3905, improvement=0.0000, alpha_new=0.9327
Round 40: Server fixing with alpha_new=0.9327
Round 40: tmp_radius: 7.331635434023523
Round 40: Acc=14.71%, Loss=47.8524, D_P_t=0.1069, Alpha=0.9327
Round 41: r_data=0.5570, r_noniid=0.4348, improvement=0.0573, alpha_new=1.0000
Round 41: Server fixing with alpha_new=1.0000
Round 41: tmp_radius: 7.5
Round 42: r_data=0.5582, r_noniid=0.4015, improvement=0.0831, alpha_new=1.0000
Round 42: Server fixing with alpha_new=1.0000
Round 42: tmp_radius: 7.5
Round 43: r_data=0.5575, r_noniid=0.4340, improvement=0.0000, alpha_new=0.9827
Round 43: Server fixing with alpha_new=0.9827
Round 43: tmp_radius: 7.456839069391268
Round 44: r_data=0.5574, r_noniid=0.1325, improvement=0.4672, alpha_new=0.7996
Round 44: Server fixing with alpha_new=0.7996
Round 44: tmp_radius: 6.999122572396274
Round 45: r_data=0.5578, r_noniid=0.4141, improvement=0.0000, alpha_new=0.9626
Round 45: Server fixing with alpha_new=0.9626
Round 45: tmp_radius: 7.406568258036149
Round 46: r_data=0.5580, r_noniid=0.4103, improvement=0.2446, alpha_new=1.0000
Round 46: Server fixing with alpha_new=1.0000
Round 46: tmp_radius: 7.5
Round 47: r_data=0.5569, r_noniid=0.1875, improvement=0.0000, alpha_new=0.4437
Round 47: Server fixing with alpha_new=0.4437
Round 47: tmp_radius: 6.109250959100444
Round 48: r_data=0.5573, r_noniid=0.3355, improvement=0.1000, alpha_new=0.9087
Round 48: Server fixing with alpha_new=0.9087
Round 48: tmp_radius: 7.271632778960697

 50%|█████     | 50/100 [40:32<40:08, 48.18s/it]
 51%|█████     | 51/100 [41:20<39:16, 48.10s/it]
 52%|█████▏    | 52/100 [42:07<38:25, 48.04s/it]
 53%|█████▎    | 53/100 [42:55<37:35, 47.99s/it]
 54%|█████▍    | 54/100 [43:43<36:45, 47.95s/it]
 55%|█████▌    | 55/100 [44:31<36:00, 48.00s/it]
 56%|█████▌    | 56/100 [45:20<35:18, 48.15s/it]
 57%|█████▋    | 57/100 [46:08<34:28, 48.10s/it]
 58%|█████▊    | 58/100 [46:56<33:40, 48.10s/it]
 59%|█████▉    | 59/100 [47:44<32:51, 48.09s/it]
 60%|██████    | 60/100 [48:32<32:01, 48.03s/it]
 61%|██████    | 61/100 [49:20<31:11, 47.99s/it]
 62%|██████▏   | 62/100 [50:08<30:23, 47.97s/it]
 63%|██████▎   | 63/100 [50:56<29:34, 47.97s/it]
 64%|██████▍   | 64/100 [51:44<28:51, 48.09s/it]
 65%|██████▌   | 65/100 [52:32<28:06, 48.17s/it]
 66%|██████▌   | 66/100 [53:20<27:14, 48.06s/it]
 67%|██████▋   | 67/100 [54:08<26:27, 48.10s/it]
 68%|██████▊   | 68/100 [54:57<25:39, 48.12s/it]
 69%|██████▉   | 69/100 [55:45<24:51, 48.12s/it]
 70%|███████   | 70/100 [56:33<24:01, 48.06s/it]
 71%|███████   | 71/100 [57:21<23:12, 48.03s/it]
 72%|███████▏  | 72/100 [58:08<22:24, 48.02s/it]
 73%|███████▎  | 73/100 [58:57<21:39, 48.15s/it]
 74%|███████▍  | 74/100 [59:45<20:52, 48.18s/it]
 75%|███████▌  | 75/100 [1:00:33<20:04, 48.18s/it]
 76%|███████▌  | 76/100 [1:01:22<19:16, 48.20s/it]
 77%|███████▋  | 77/100 [1:02:10<18:29, 48.22s/it]
 78%|███████▊  | 78/100 [1:02:58<17:39, 48.16s/it]
 79%|███████▉  | 79/100 [1:03:46<16:51, 48.18s/it]
 80%|████████  | 80/100 [1:04:34<16:02, 48.13s/it]
 81%|████████  | 81/100 [1:05:22<15:12, 48.01s/it]
 82%|████████▏ | 82/100 [1:06:10<14:26, 48.15s/it]
 83%|████████▎ | 83/100 [1:06:59<13:39, 48.18s/it]
 84%|████████▍ | 84/100 [1:07:47<12:49, 48.11s/it]
 85%|████████▌ | 85/100 [1:08:35<12:01, 48.12s/it]
 86%|████████▌ | 86/100 [1:09:23<11:14, 48.17s/it]
 87%|████████▋ | 87/100 [1:10:11<10:26, 48.18s/it]
 88%|████████▊ | 88/100 [1:11:00<09:39, 48.29s/it]
 89%|████████▉ | 89/100 [1:11:48<08:52, 48.42s/it]
 90%|█████████ | 90/100 [1:12:37<08:03, 48.39s/it]
 91%|█████████ | 91/100 [1:13:25<07:15, 48.43s/it]
 92%|█████████▏| 92/100 [1:14:13<06:26, 48.35s/it]
 93%|█████████▎| 93/100 [1:15:01<05:37, 48.20s/it]
 94%|█████████▍| 94/100 [1:15:50<04:49, 48.20s/it]
 95%|█████████▌| 95/100 [1:16:38<04:00, 48.20s/it]
 96%|█████████▌| 96/100 [1:17:26<03:12, 48.10s/i
 97%|█████████▋| 97/100 [1:18:14<02:24, 48.11s/it]
 98%|█████████▊| 98/100 [1:19:02<01:36, 48.10s/it]Round 49: r_data=0.5574, r_noniid=0.2048, improvement=0.0000, alpha_new=0.4794
Round 49: Server fixing with alpha_new=0.4794
Round 49: tmp_radius: 6.198494268058857
Round 50: r_data=0.5579, r_noniid=0.4172, improvement=0.1373, alpha_new=1.0000
Round 50: Server fixing with alpha_new=1.0000
Round 50: tmp_radius: 7.5
Round 50: Acc=16.15%, Loss=8.2898, D_P_t=0.1195, Alpha=1.0000
Round 51: r_data=0.5570, r_noniid=0.3129, improvement=0.0000, alpha_new=0.7476
Round 51: Server fixing with alpha_new=0.7476
Round 51: tmp_radius: 6.869066722474615
Round 52: r_data=0.5571, r_noniid=0.2559, improvement=0.0830, alpha_new=0.7030
Round 52: Server fixing with alpha_new=0.7030
Round 52: tmp_radius: 6.757410593503753
Round 53: r_data=0.5575, r_noniid=0.2676, improvement=0.0698, alpha_new=0.7253
Round 53: Server fixing with alpha_new=0.7253
Round 53: tmp_radius: 6.813288747299016
Round 54: r_data=0.5625, r_noniid=0.3212, improvement=0.0000, alpha_new=0.7359
Round 54: Server fixing with alpha_new=0.7359
Round 54: tmp_radius: 6.839807557181158
Round 55: r_data=0.5570, r_noniid=0.2427, improvement=0.1824, alpha_new=0.7559
Round 55: Server fixing with alpha_new=0.7559
Round 55: tmp_radius: 6.889783990662406
Round 56: r_data=0.5579, r_noniid=0.4180, improvement=0.1683, alpha_new=1.0000
Round 56: Server fixing with alpha_new=1.0000
Round 56: tmp_radius: 7.5
Round 57: r_data=0.5570, r_noniid=0.4430, improvement=0.0000, alpha_new=1.0000
Round 57: Server fixing with alpha_new=1.0000
Round 57: tmp_radius: 7.5
Round 58: r_data=0.5620, r_noniid=0.5057, improvement=0.0216, alpha_new=1.0000
Round 58: Server fixing with alpha_new=1.0000
Round 58: tmp_radius: 7.5
Round 59: r_data=0.5574, r_noniid=0.3444, improvement=0.0000, alpha_new=0.7992
Round 59: Server fixing with alpha_new=0.7992
Round 59: tmp_radius: 6.998089661821735
Round 60: r_data=0.5583, r_noniid=0.4168, improvement=0.0000, alpha_new=0.9616
Round 60: Server fixing with alpha_new=0.9616
Round 60: tmp_radius: 7.403937925552562
Round 60: Acc=17.93%, Loss=0.4167, D_P_t=0.1193, Alpha=0.9616
Round 61: r_data=0.5571, r_noniid=0.4421, improvement=0.0933, alpha_new=1.0000
Round 61: Server fixing with alpha_new=1.0000
Round 61: tmp_radius: 7.5
Round 62: r_data=0.5580, r_noniid=0.2689, improvement=0.0470, alpha_new=0.6846
Round 62: Server fixing with alpha_new=0.6846
Round 62: tmp_radius: 6.711477705442387
Round 63: r_data=0.5577, r_noniid=0.3940, improvement=0.0000, alpha_new=0.9118
Round 63: Server fixing with alpha_new=0.9118
Round 63: tmp_radius: 7.279382540565794
Round 64: r_data=0.5572, r_noniid=0.3735, improvement=0.0429, alpha_new=0.9143
Round 64: Server fixing with alpha_new=0.9143
Round 64: tmp_radius: 7.28562961357873
Round 65: r_data=0.5619, r_noniid=0.3986, improvement=0.0000, alpha_new=0.9373
Round 65: Server fixing with alpha_new=0.9373
Round 65: tmp_radius: 7.34314892833768
Round 66: r_data=0.5571, r_noniid=0.3241, improvement=0.0000, alpha_new=0.7493
Round 66: Server fixing with alpha_new=0.7493
Round 66: tmp_radius: 6.873281592357686
Round 67: r_data=0.5572, r_noniid=0.3288, improvement=0.0982, alpha_new=0.8740
Round 67: Server fixing with alpha_new=0.8740
Round 67: tmp_radius: 7.184911243803766
Round 68: r_data=0.5574, r_noniid=0.3309, improvement=0.0000, alpha_new=0.7600
Round 68: Server fixing with alpha_new=0.7600
Round 68: tmp_radius: 6.9001010916767935
Round 69: r_data=0.5567, r_noniid=0.3535, improvement=0.1882, alpha_new=1.0000
Round 69: Server fixing with alpha_new=1.0000
Round 69: tmp_radius: 7.5
Round 70: r_data=0.5574, r_noniid=0.3584, improvement=0.0000, alpha_new=0.8211
Round 70: Server fixing with alpha_new=0.8211
Round 70: tmp_radius: 7.052728917911373
Round 70: Acc=19.13%, Loss=0.2960, D_P_t=0.0932, Alpha=0.8211
Round 71: r_data=0.5571, r_noniid=0.4143, improvement=0.1983, alpha_new=1.0000
Round 71: Server fixing with alpha_new=1.0000
Round 71: tmp_radius: 7.5
Round 72: r_data=0.5570, r_noniid=0.3790, improvement=0.0000, alpha_new=0.8645
Round 72: Server fixing with alpha_new=0.8645
Round 72: tmp_radius: 7.161250793606246
Round 73: r_data=0.5569, r_noniid=0.4534, improvement=0.0000, alpha_new=1.0000
Round 73: Server fixing with alpha_new=1.0000
Round 73: tmp_radius: 7.5
Round 74: r_data=0.5572, r_noniid=0.3859, improvement=0.1862, alpha_new=1.0000
Round 74: Server fixing with alpha_new=1.0000
Round 74: tmp_radius: 7.5
Round 75: r_data=0.5569, r_noniid=0.3442, improvement=0.0943, alpha_new=0.9229
Round 75: Server fixing with alpha_new=0.9229
Round 75: tmp_radius: 7.307239514233524
Round 76: r_data=0.5574, r_noniid=0.2520, improvement=0.0000, alpha_new=0.5775
Round 76: Server fixing with alpha_new=0.5775
Round 76: tmp_radius: 6.443840233666557
Round 77: r_data=0.5567, r_noniid=0.5667, improvement=0.0445, alpha_new=1.0000
Round 77: Server fixing with alpha_new=1.0000
Round 77: tmp_radius: 7.5
Round 78: r_data=0.5572, r_noniid=0.4048, improvement=0.0000, alpha_new=0.9055
Round 78: Server fixing with alpha_new=0.9055
Round 78: tmp_radius: 7.263766779375796
Round 79: r_data=0.5572, r_noniid=0.2622, improvement=0.0980, alpha_new=0.6986
Round 79: Server fixing with alpha_new=0.6986
Round 79: tmp_radius: 6.746531093289335
Round 80: r_data=0.5618, r_noniid=0.2753, improvement=0.0000, alpha_new=0.6321
Round 80: Server fixing with alpha_new=0.6321
Round 80: tmp_radius: 6.580300233664678
Round 80: Acc=18.14%, Loss=0.4181, D_P_t=0.0634, Alpha=0.6321
Round 81: r_data=0.5574, r_noniid=0.3627, improvement=0.0093, alpha_new=0.8371
Round 81: Server fixing with alpha_new=0.8371
Round 81: tmp_radius: 7.092810720869079
Round 82: r_data=0.5570, r_noniid=0.5242, improvement=0.0243, alpha_new=1.0000
Round 82: Server fixing with alpha_new=1.0000
Round 82: tmp_radius: 7.5
Round 83: r_data=0.5570, r_noniid=0.4731, improvement=0.1478, alpha_new=1.0000
Round 83: Server fixing with alpha_new=1.0000
Round 83: tmp_radius: 7.5
Round 84: r_data=0.5574, r_noniid=0.3138, improvement=0.0000, alpha_new=0.7105
Round 84: Server fixing with alpha_new=0.7105
Round 84: tmp_radius: 6.776241595288606
Round 85: r_data=0.5573, r_noniid=0.3423, improvement=0.1019, alpha_new=0.8949
Round 85: Server fixing with alpha_new=0.8949
Round 85: tmp_radius: 7.237369638698345
Round 86: r_data=0.5575, r_noniid=0.1927, improvement=0.0000, alpha_new=0.4375
Round 86: Server fixing with alpha_new=0.4375
Round 86: tmp_radius: 6.093630469481889
Round 87: r_data=0.5580, r_noniid=0.3905, improvement=0.1826, alpha_new=1.0000
Round 87: Server fixing with alpha_new=1.0000
Round 87: tmp_radius: 7.5
Round 88: r_data=0.5571, r_noniid=0.3938, improvement=0.0000, alpha_new=0.9154
Round 88: Server fixing with alpha_new=0.9154
Round 88: tmp_radius: 7.288440710492647
Round 89: r_data=0.5571, r_noniid=0.3759, improvement=0.0858, alpha_new=0.9745
Round 89: Server fixing with alpha_new=0.9745
Round 89: tmp_radius: 7.436294473487422
Round 90: r_data=0.5570, r_noniid=0.3933, improvement=0.0000, alpha_new=0.8945
Round 90: Server fixing with alpha_new=0.8945
Round 90: tmp_radius: 7.236354610785755
Round 90: Acc=18.25%, Loss=0.3976, D_P_t=0.1082, Alpha=0.8945
Round 91: r_data=0.5569, r_noniid=0.4596, improvement=0.0000, alpha_new=1.0000
Round 91: Server fixing with alpha_new=1.0000
Round 91: tmp_radius: 7.5
Round 92: r_data=0.5620, r_noniid=0.3865, improvement=0.0814, alpha_new=0.9773
Round 92: Server fixing with alpha_new=0.9773
Round 92: tmp_radius: 7.443332456371554
Round 93: r_data=0.5571, r_noniid=0.3801, improvement=0.0000, alpha_new=0.8703
Round 93: Server fixing with alpha_new=0.8703
Round 93: tmp_radius: 7.175700910912637
Round 94: r_data=0.5582, r_noniid=0.2671, improvement=0.0809, alpha_new=0.7042
Round 94: Server fixing with alpha_new=0.7042
Round 94: tmp_radius: 6.760414939423864
Round 95: r_data=0.5622, r_noniid=0.3533, improvement=0.0000, alpha_new=0.8200
Round 95: Server fixing with alpha_new=0.8200
Round 95: tmp_radius: 7.050023793503035
Round 96: r_data=0.5574, r_noniid=0.4927, improvement=0.1124, alpha_new=1.0000
Round 96: Server fixing with alpha_new=1.0000
Round 96: tmp_radius: 7.5
Round 97: r_data=0.5578, r_noniid=0.2947, improvement=0.0000, alpha_new=0.6841
Round 97: Server fixing with alpha_new=0.6841
Round 97: tmp_radius: 6.710363562540126

 99%|█████████▉| 99/100 [1:19:50<00:48, 48.06s/it100%|██████████| 100/100 [1:20:38<00:00, 48.17s/it]100%|██████████| 100/100 [1:20:38<00:00, 48.39s/it]
Round 98: r_data=0.5573, r_noniid=0.3939, improvement=0.0000, alpha_new=0.8797
Round 98: Server fixing with alpha_new=0.8797
Round 98: tmp_radius: 7.199223101012823
Round 99: r_data=0.5569, r_noniid=0.3952, improvement=0.2655, alpha_new=1.0000
Round 99: Server fixing with alpha_new=1.0000
Round 99: tmp_radius: 7.5

Results for radius = 5:
FedDU_Mut - 第20轮测试精度: 10.00%, 最终测试精度: 19.81%, 最终训练损失: 0.2014

--- Running experiments with radius = 6 ---
FedDU-Mut初始设置:
  服务器数据量: 5000
  服务器数据非IID度: 0.166877
  Mutation幅度(radius): 6
  0%|          | 0/100 [00:00<?, ?it/s]  1%|          | 1/100 [00:48<1:19:49, 48.38s/it]  2%|▏         | 2/100 [01:36<1:18:42, 48.19s/it]