nohup: 忽略输入

==========  Running config: theta7  ==========
----- repeat 1/1 -----
Torch version: 2.3.1
CUDA available: True
shake数据集中类别数量： 75
69096, 747, 19, 2413, 19, 20, 6639, 726, 3685, 1, 1, 1, 1, 2, 1, 1, 1, 1, 154, 1407, 859, 1426, 558, 434, 343, 584, 400, 351, 692, 2605, 117, 128, 376, 525, 465, 553, 359, 43, 303, 759, 1561, 137, 67, 1060, 6, 290, 10, 145, 144, 19936, 3809, 5404, 10768, 32195, 5631, 4576, 17609, 16125, 233, 2414, 11817, 7684, 17316, 23100, 3771, 199, 16609, 17563, 23553, 9268, 2819, 5909, 347, 7029, 93
shake数据集中客户端数量： 128
Traning Client Total: 366012 0 69096 747 19 0 2413 19 20 6639 726 3685 0 1 1 1 1 2 1 1 1 1 154 1407 0 859 1426 558 434 343 584 400 351 692 2605 117 128 376 525 465 553 359 43 303 759 1561 137 67 1060 6 290 10 145 144 19936 3809 5404 10768 32195 5631 4576 17609 16125 233 2414 11817 7684 17316 23100 3771 199 16609 17563 23553 9268 2819 5909 347 7029 93
Client 0: 4730 0 915 9 1 0 33 0 0 71 5 54 0 0 0 0 0 0 0 0 0 0 1 20 0 9 16 7 3 4 7 6 4 8 46 0 2 4 8 4 2 2 0 1 9 18 1 0 14 0 3 0 2 2 231 50 67 134 430 66 57 228 202 2 25 138 113 223 315 41 4 234 223 291 119 48 81 8 108 1
Client 1: 5158 0 975 8 1 0 40 0 0 82 9 52 0 0 0 0 0 0 0 0 0 0 1 21 0 23 11 8 4 3 8 4 4 12 37 0 1 5 8 7 4 3 0 5 6 26 2 0 18 0 7 0 1 1 276 42 60 135 477 72 62 270 212 1 33 156 103 249 338 54 4 240 252 337 137 50 83 4 113 1
Client 2: 2298 0 460 1 0 0 20 0 0 35 3 31 0 0 0 0 0 0 0 0 0 0 2 9 0 4 11 3 1 2 3 2 2 7 25 1 1 2 5 2 1 1 0 2 3 10 1 0 6 0 4 0 0 0 117 22 24 61 188 24 29 106 110 2 18 75 63 108 150 21 1 99 100 132 63 25 42 1 56 1
Client 3: 8400 0 1600 6 2 0 50 0 0 143 9 82 0 0 0 0 0 0 0 0 0 0 3 36 0 14 24 18 6 5 10 8 5 14 73 1 3 8 17 7 13 5 0 6 12 45 1 0 29 0 6 0 2 2 442 81 113 233 760 134 107 414 399 3 52 262 197 394 504 94 3 391 420 519 216 85 141 9 161 1
Client 4: 799 0 147 0 0 0 3 0 0 15 0 7 0 0 0 0 0 0 0 0 0 0 0 3 0 0 1 1 0 1 0 1 0 2 5 1 0 1 1 0 1 0 0 1 1 1 0 0 1 0 0 0 1 1 44 4 10 29 75 17 9 39 36 0 3 20 21 36 54 8 2 40 41 52 22 9 17 1 13 1
Client 5: 835 0 161 1 0 0 2 0 0 16 1 6 0 0 0 0 0 0 0 0 0 0 0 5 0 0 1 0 1 2 1 1 1 1 6 0 0 0 1 0 1 0 0 1 1 1 0 0 0 0 1 0 0 0 42 7 11 28 82 11 13 45 39 0 4 31 21 37 56 3 1 45 31 51 20 11 13 1 19 1
Client 6: 1201 0 241 1 0 0 6 0 0 19 1 11 0 0 0 0 0 0 0 0 0 0 0 6 0 2 5 2 2 1 1 1 0 1 13 0 0 1 1 2 3 7 0 1 4 6 0 0 3 0 1 0 0 0 63 21 14 33 110 17 13 57 46 0 7 36 25 53 77 10 0 48 60 82 29 17 15 2 24
Client 7: 4877 0 930 12 0 0 44 0 0 66 16 54 0 0 0 0 0 0 0 0 0 0 0 20 0 15 11 4 7 3 10 3 3 8 47 1 1 3 5 7 5 6 1 1 8 13 1 1 16 0 6 0 1 1 260 49 72 124 433 71 63 238 230 3 26 147 116 246 290 40 2 225 249 337 118 44 73 5 86
Client 8: 663 0 126 1 0 0 4 0 0 7 0 8 0 0 0 0 0 0 0 0 0 0 0 2 0 1 1 1 1 0 1 0 1 4 7 0 0 2 1 0 2 1 0 1 2 1 1 0 3 0 1 0 0 0 33 10 8 11 61 9 11 26 35 0 4 19 16 39 45 5 1 33 28 44 18 3 10 1 13
Client 9: 3553 0 668 9 0 0 31 0 0 76 12 41 0 0 0 0 0 0 0 0 0 0 1 9 0 8 12 7 2 2 6 3 2 8 30 1 1 3 8 7 10 3 1 3 8 19 1 0 10 0 5 0 3 3 187 37 50 118 296 48 46 156 153 1 20 123 102 156 223 28 3 159 186 205 93 25 53 6 66
Server: 36601 0 3028 363 19 0 1330 19 5 353 426 173 0 1 1 1 1 2 1 1 1 1 154 104 0 488 58 110 434 18 441 17 270 692 202 117 128 24 44 465 254 359 43 51 147 266 137 67 75 6 290 10 145 144 1073 784 2373 532 1713 744 1032 1519 908 92 310 620 1685 927 1878 160 105 2538 2077 1074 1157 272 814 347 325 56
scal_ratio为 0.7
  Mutation幅度(radius): 4.0
  0%|          | 0/2 [00:00<?, ?it/s] 50%|█████     | 1/2 [00:44<00:44, 44.31s/it]100%|██████████| 2/2 [01:27<00:00, 43.89s/it]100%|██████████| 2/2 [01:27<00:00, 43.96s/it]


FedATMV - 最终测试精度: 18.91%, 最终训练损失: 0.0836

==========  Running config: theta9  ==========
----- repeat 1/1 -----
Torch version: 2.3.1
CUDA available: True
shake数据集中类别数量： 75
69096, 747, 19, 2413, 19, 20, 6639, 726, 3685, 1, 1, 1, 1, 2, 1, 1, 1, 1, 154, 1407, 859, 1426, 558, 434, 343, 584, 400, 351, 692, 2605, 117, 128, 376, 525, 465, 553, 359, 43, 303, 759, 1561, 137, 67, 1060, 6, 290, 10, 145, 144, 19936, 3809, 5404, 10768, 32195, 5631, 4576, 17609, 16125, 233, 2414, 11817, 7684, 17316, 23100, 3771, 199, 16609, 17563, 23553, 9268, 2819, 5909, 347, 7029, 93
shake数据集中客户端数量： 128
Traning Client Total: 366012 0 69096 747 19 0 2413 19 20 6639 726 3685 0 1 1 1 1 2 1 1 1 1 154 1407 0 859 1426 558 434 343 584 400 351 692 2605 117 128 376 525 465 553 359 43 303 759 1561 137 67 1060 6 290 10 145 144 19936 3809 5404 10768 32195 5631 4576 17609 16125 233 2414 11817 7684 17316 23100 3771 199 16609 17563 23553 9268 2819 5909 347 7029 93
Client 0: 4730 0 915 9 1 0 33 0 0 71 5 54 0 0 0 0 0 0 0 0 0 0 1 20 0 9 16 7 3 4 7 6 4 8 46 0 2 4 8 4 2 2 0 1 9 18 1 0 14 0 3 0 2 2 231 50 67 134 430 66 57 228 202 2 25 138 113 223 315 41 4 234 223 291 119 48 81 8 108 1
Client 1: 5158 0 975 8 1 0 40 0 0 82 9 52 0 0 0 0 0 0 0 0 0 0 1 21 0 23 11 8 4 3 8 4 4 12 37 0 1 5 8 7 4 3 0 5 6 26 2 0 18 0 7 0 1 1 276 42 60 135 477 72 62 270 212 1 33 156 103 249 338 54 4 240 252 337 137 50 83 4 113 1
Client 2: 2298 0 460 1 0 0 20 0 0 35 3 31 0 0 0 0 0 0 0 0 0 0 2 9 0 4 11 3 1 2 3 2 2 7 25 1 1 2 5 2 1 1 0 2 3 10 1 0 6 0 4 0 0 0 117 22 24 61 188 24 29 106 110 2 18 75 63 108 150 21 1 99 100 132 63 25 42 1 56 1
Client 3: 8400 0 1600 6 2 0 50 0 0 143 9 82 0 0 0 0 0 0 0 0 0 0 3 36 0 14 24 18 6 5 10 8 5 14 73 1 3 8 17 7 13 5 0 6 12 45 1 0 29 0 6 0 2 2 442 81 113 233 760 134 107 414 399 3 52 262 197 394 504 94 3 391 420 519 216 85 141 9 161 1
Client 4: 799 0 147 0 0 0 3 0 0 15 0 7 0 0 0 0 0 0 0 0 0 0 0 3 0 0 1 1 0 1 0 1 0 2 5 1 0 1 1 0 1 0 0 1 1 1 0 0 1 0 0 0 1 1 44 4 10 29 75 17 9 39 36 0 3 20 21 36 54 8 2 40 41 52 22 9 17 1 13 1
Client 5: 835 0 161 1 0 0 2 0 0 16 1 6 0 0 0 0 0 0 0 0 0 0 0 5 0 0 1 0 1 2 1 1 1 1 6 0 0 0 1 0 1 0 0 1 1 1 0 0 0 0 1 0 0 0 42 7 11 28 82 11 13 45 39 0 4 31 21 37 56 3 1 45 31 51 20 11 13 1 19 1
Client 6: 1201 0 241 1 0 0 6 0 0 19 1 11 0 0 0 0 0 0 0 0 0 0 0 6 0 2 5 2 2 1 1 1 0 1 13 0 0 1 1 2 3 7 0 1 4 6 0 0 3 0 1 0 0 0 63 21 14 33 110 17 13 57 46 0 7 36 25 53 77 10 0 48 60 82 29 17 15 2 24
Client 7: 4877 0 930 12 0 0 44 0 0 66 16 54 0 0 0 0 0 0 0 0 0 0 0 20 0 15 11 4 7 3 10 3 3 8 47 1 1 3 5 7 5 6 1 1 8 13 1 1 16 0 6 0 1 1 260 49 72 124 433 71 63 238 230 3 26 147 116 246 290 40 2 225 249 337 118 44 73 5 86
Client 8: 663 0 126 1 0 0 4 0 0 7 0 8 0 0 0 0 0 0 0 0 0 0 0 2 0 1 1 1 1 0 1 0 1 4 7 0 0 2 1 0 2 1 0 1 2 1 1 0 3 0 1 0 0 0 33 10 8 11 61 9 11 26 35 0 4 19 16 39 45 5 1 33 28 44 18 3 10 1 13
Client 9: 3553 0 668 9 0 0 31 0 0 76 12 41 0 0 0 0 0 0 0 0 0 0 1 9 0 8 12 7 2 2 6 3 2 8 30 1 1 3 8 7 10 3 1 3 8 19 1 0 10 0 5 0 3 3 187 37 50 118 296 48 46 156 153 1 20 123 102 156 223 28 3 159 186 205 93 25 53 6 66
Server: 36601 0 3028 363 19 0 1330 19 5 353 426 173 0 1 1 1 1 2 1 1 1 1 154 104 0 488 58 110 434 18 441 17 270 692 202 117 128 24 44 465 254 359 43 51 147 266 137 67 75 6 290 10 145 144 1073 784 2373 532 1713 744 1032 1519 908 92 310 620 1685 927 1878 160 105 2538 2077 1074 1157 272 814 347 325 56
scal_ratio为 0.9
  Mutation幅度(radius): 4.0
  0%|          | 0/2 [00:00<?, ?it/s] 50%|█████     | 1/2 [00:48<00:48, 48.85s/it]100%|██████████| 2/2 [01:31<00:00, 45.27s/it]100%|██████████| 2/2 [01:31<00:00, 45.81s/it]


FedATMV - 最终测试精度: 18.91%, 最终训练损失: 0.0836

全部数据保存于: /home/fuyufan/HybridFL-baseline/FedCLG-origin/output/multi_run_v4.0_20250523_164827
