nohup: 忽略输入

==========  Running config: srvDir1p0  ==========
----- repeat 1/1 -----
Torch version: 2.3.1
CUDA available: True
测试server_dir为： 1.0
Files already downloaded and verified
Files already downloaded and verified
类别 8 的数据样本不足，采样数从 5125 调整为 5000
Traning Client Total: 39642 3145 4768 4951 4330 4002 3810 3383 3680 5000 2573
Client 0: 397 0 4 0 0 0 15 0 0 377 1
Client 1: 398 0 0 0 0 0 4 0 34 0 360
Client 2: 398 22 0 0 0 0 0 0 0 369 7
Client 3: 397 11 0 0 345 0 0 25 0 16
Client 4: 397 4 0 0 357 0 12 0 3 0 21
Client 5: 397 258 111 0 5 0 0 7 9 5 2
Client 6: 399 0 0 0 0 0 0 1 374 0 24
Client 7: 397 57 0 0 0 0 0 20 303 9 8
Client 8: 395 0 0 3 0 0 232 2 0 158
Client 9: 397 0 0 158 4 0 125 110
Server: 5000 139 527 238 425 128 2069 709 270 79 416
  0%|          | 0/100 [00:00<?, ?it/s]  1%|          | 1/100 [00:07<12:47,  7.75s/it]  2%|▏         | 2/100 [00:13<11:06,  6.80s/it]  3%|▎         | 3/100 [00:20<10:45,  6.65s/it]  4%|▍         | 4/100 [00:28<11:24,  7.13s/it]  5%|▌         | 5/100 [00:35<11:13,  7.09s/it]  6%|▌         | 6/100 [00:41<10:44,  6.86s/it]  7%|▋         | 7/100 [00:47<10:16,  6.62s/it]  8%|▊         | 8/100 [00:54<10:17,  6.71s/it]  9%|▉         | 9/100 [01:01<10:15,  6.76s/it]